# JRE version: OpenJDK Runtime Environment Temurin-21.0.11+10 (21.0.11+10) (build 21.0.11+10-LTS)
# Java VM: OpenJDK 64-Bit Server VM Temurin-21.0.11+10 (21.0.11+10-LTS, mixed mode, sharing, tiered, compressed oops, compressed class ptrs, g1 gc, windows-amd64)
GC Precious Log:
 CardTable entry size: 512
 Card Set container configuration: InlinePtr #cards 5 size 8 Array Of Cards #cards 12 size 40 Howl #buckets 4 coarsen threshold 1843 Howl Bitmap #cards 512 size 80 coarsen threshold 460 Card regions per heap region 1 cards per card region 2048
 CPUs: 12 total, 12 available
 Memory: 5989M
 Large Page Support: Disabled
 NUMA Support: Disabled
 Compressed Oops: Enabled (32-bit)
 Heap Region Size: 1M
 Heap Min Capacity: 8M
 Heap Initial Capacity: 94M
 Heap Max Capacity: 1498M
 Pre-touch: Disabled
 Parallel Workers: 10
 Concurrent Workers: 3
 Concurrent Refinement Workers: 10
 Periodic GC: Disabled
Heap:
 garbage-first heap   total 101376K, used 45029K [0x00000000a2600000, 0x0000000100000000)
  region size 1024K, 3 young (3072K), 3 survivors (3072K)
 Metaspace       used 31394K, committed 31808K, reserved 1114112K
  class space    used 3592K, committed 3776K, reserved 1048576K
GC Heap History (20 events):
Event: 2.384 GC heap after
{Heap after GC invocations=1 (full 0):
 garbage-first heap   total 96256K, used 3992K [0x00000000a2600000, 0x0000000100000000)
  region size 1024K, 3 young (3072K), 3 survivors (3072K)
 Metaspace       used 5874K, committed 6016K, reserved 1114112K
  class space    used 682K, committed 768K, reserved 1048576K
}
Event: 3.047 GC heap before
{Heap before GC invocations=1 (full 0):
 garbage-first heap   total 96256K, used 35736K [0x00000000a2600000, 0x0000000100000000)
  region size 1024K, 34 young (34816K), 3 survivors (3072K)
 Metaspace       used 11072K, committed 11200K, reserved 1114112K
  class space    used 1321K, committed 1408K, reserved 1048576K
}
Event: 3.053 GC heap after
{Heap after GC invocations=2 (full 0):
 garbage-first heap   total 96256K, used 6035K [0x00000000a2600000, 0x0000000100000000)
  region size 1024K, 3 young (3072K), 3 survivors (3072K)
 Metaspace       used 11072K, committed 11200K, reserved 1114112K
  class space    used 1321K, committed 1408K, reserved 1048576K
}
Event: 5.569 GC heap before
{Heap before GC invocations=2 (full 0):
 garbage-first heap   total 96256K, used 60307K [0x00000000a2600000, 0x0000000100000000)
  region size 1024K, 56 young (57344K), 3 survivors (3072K)
 Metaspace       used 16113K, committed 16384K, reserved 1114112K
  class space    used 1882K, committed 1984K, reserved 1048576K
}
Event: 5.584 GC heap after
{Heap after GC invocations=3 (full 0):
 garbage-first heap   total 96256K, used 12905K [0x00000000a2600000, 0x0000000100000000)
  region size 1024K, 7 young (7168K), 7 survivors (7168K)
 Metaspace       used 16113K, committed 16384K, reserved 1114112K
  class space    used 1882K, committed 1984K, reserved 1048576K
}
Event: 9.638 GC heap before
{Heap before GC invocations=3 (full 0):
 garbage-first heap   total 96256K, used 63081K [0x00000000a2600000, 0x0000000100000000)
  region size 1024K, 56 young (57344K), 7 survivors (7168K)
 Metaspace       used 17329K, committed 17664K, reserved 1114112K
  class space    used 1981K, committed 2112K, reserved 1048576K
}
Event: 9.651 GC heap after
{Heap after GC invocations=4 (full 0):
 garbage-first heap   total 96256K, used 16669K [0x00000000a2600000, 0x0000000100000000)
  region size 1024K, 4 young (4096K), 4 survivors (4096K)
 Metaspace       used 17329K, committed 17664K, reserved 1114112K
  class space    used 1981K, committed 2112K, reserved 1048576K
}
Event: 9.679 GC heap before
{Heap before GC invocations=4 (full 0):
 garbage-first heap   total 96256K, used 38173K [0x00000000a2600000, 0x0000000100000000)
  region size 1024K, 6 young (6144K), 4 survivors (4096K)
 Metaspace       used 17586K, committed 17856K, reserved 1114112K
  class space    used 2002K, committed 2112K, reserved 1048576K
}
Event: 9.684 GC heap after
{Heap after GC invocations=5 (full 0):
 garbage-first heap   total 96256K, used 37012K [0x00000000a2600000, 0x0000000100000000)
  region size 1024K, 4 young (4096K), 4 survivors (4096K)
 Metaspace       used 17586K, committed 17856K, reserved 1114112K
  class space    used 2002K, committed 2112K, reserved 1048576K
}
Event: 10.412 GC heap before
{Heap before GC invocations=5 (full 0):
 garbage-first heap   total 96256K, used 65684K [0x00000000a2600000, 0x0000000100000000)
  region size 1024K, 21 young (21504K), 4 survivors (4096K)
 Metaspace       used 20159K, committed 20480K, reserved 1114112K
  class space    used 2288K, committed 2432K, reserved 1048576K
}
Event: 10.418 GC heap after
{Heap after GC invocations=6 (full 0):
 garbage-first heap   total 96256K, used 17735K [0x00000000a2600000, 0x0000000100000000)
  region size 1024K, 2 young (2048K), 2 survivors (2048K)
 Metaspace       used 20159K, committed 20480K, reserved 1114112K
  class space    used 2288K, committed 2432K, reserved 1048576K
}
Event: 12.518 GC heap before
{Heap before GC invocations=6 (full 0):
 garbage-first heap   total 96256K, used 36167K [0x00000000a2600000, 0x0000000100000000)
  region size 1024K, 16 young (16384K), 2 survivors (2048K)
 Metaspace       used 21200K, committed 21504K, reserved 1114112K
  class space    used 2432K, committed 2560K, reserved 1048576K
}
Event: 12.524 GC heap after
{Heap after GC invocations=7 (full 0):
 garbage-first heap   total 96256K, used 25928K [0x00000000a2600000, 0x0000000100000000)
  region size 1024K, 6 young (6144K), 6 survivors (6144K)
 Metaspace       used 21200K, committed 21504K, reserved 1114112K
  class space    used 2432K, committed 2560K, reserved 1048576K
}
Event: 13.323 GC heap before
{Heap before GC invocations=8 (full 0):
 garbage-first heap   total 89088K, used 74056K [0x00000000a2600000, 0x0000000100000000)
  region size 1024K, 52 young (53248K), 6 survivors (6144K)
 Metaspace       used 26826K, committed 27136K, reserved 1114112K
  class space    used 3072K, committed 3200K, reserved 1048576K
}
Event: 13.341 GC heap after
{Heap after GC invocations=9 (full 0):
 garbage-first heap   total 94208K, used 38400K [0x00000000a2600000, 0x0000000100000000)
  region size 1024K, 7 young (7168K), 7 survivors (7168K)
 Metaspace       used 26826K, committed 27136K, reserved 1114112K
  class space    used 3072K, committed 3200K, reserved 1048576K
}
Event: 15.197 GC heap before
{Heap before GC invocations=9 (full 0):
 garbage-first heap   total 94208K, used 74240K [0x00000000a2600000, 0x0000000100000000)
  region size 1024K, 43 young (44032K), 7 survivors (7168K)
 Metaspace       used 28387K, committed 28800K, reserved 1114112K
  class space    used 3226K, committed 3392K, reserved 1048576K
}
Event: 15.210 GC heap after
{Heap after GC invocations=10 (full 0):
 garbage-first heap   total 94208K, used 41984K [0x00000000a2600000, 0x0000000100000000)
  region size 1024K, 4 young (4096K), 4 survivors (4096K)
 Metaspace       used 28387K, committed 28800K, reserved 1114112K
  class space    used 3226K, committed 3392K, reserved 1048576K
}
Event: 15.885 GC heap before
{Heap before GC invocations=10 (full 0):
 garbage-first heap   total 94208K, used 76800K [0x00000000a2600000, 0x0000000100000000)
  region size 1024K, 39 young (39936K), 4 survivors (4096K)
 Metaspace       used 30845K, committed 31296K, reserved 1114112K
  class space    used 3535K, committed 3712K, reserved 1048576K
}
Event: 15.893 GC heap after
{Heap after GC invocations=11 (full 0):
 garbage-first heap   total 94208K, used 44032K [0x00000000a2600000, 0x0000000100000000)
  region size 1024K, 2 young (2048K), 2 survivors (2048K)
 Metaspace       used 30845K, committed 31296K, reserved 1114112K
  class space    used 3535K, committed 3712K, reserved 1048576K
}
Event: 16.187 GC heap before
{Heap before GC invocations=11 (full 0):
 garbage-first heap   total 94208K, used 55296K [0x00000000a2600000, 0x0000000100000000)
  region size 1024K, 14 young (14336K), 2 survivors (2048K)
 Metaspace       used 31394K, committed 31808K, reserved 1114112K
  class space    used 3592K, committed 3776K, reserved 1048576K
}

