# JRE version: OpenJDK Runtime Environment Temurin-21.0.11+10 (21.0.11+10) (build 21.0.11+10-LTS)
# Java VM: OpenJDK 64-Bit Server VM Temurin-21.0.11+10 (21.0.11+10-LTS, mixed mode, sharing, tiered, compressed oops, compressed class ptrs, g1 gc, windows-amd64)
GC Precious Log:
 CardTable entry size: 512
 Card Set container configuration: InlinePtr #cards 5 size 8 Array Of Cards #cards 12 size 40 Howl #buckets 4 coarsen threshold 1843 Howl Bitmap #cards 512 size 80 coarsen threshold 460 Card regions per heap region 1 cards per card region 2048
 CPUs: 12 total, 12 available
 Memory: 5989M
 Large Page Support: Disabled
 NUMA Support: Disabled
 Compressed Oops: Enabled (32-bit)
 Heap Region Size: 1M
 Heap Min Capacity: 8M
 Heap Initial Capacity: 94M
 Heap Max Capacity: 1498M
 Pre-touch: Disabled
 Parallel Workers: 10
 Concurrent Workers: 3
 Concurrent Refinement Workers: 10
 Periodic GC: Disabled
Heap:
 garbage-first heap   total 96256K, used 33595K [0x00000000a2600000, 0x0000000100000000)
  region size 1024K, 28 young (28672K), 7 survivors (7168K)
 Metaspace       used 16475K, committed 16704K, reserved 1114112K
  class space    used 1904K, committed 1984K, reserved 1048576K
GC Heap History (6 events):
Event: 0.983 GC heap before
{Heap before GC invocations=0 (full 0):
 garbage-first heap   total 96256K, used 23552K [0x00000000a2600000, 0x0000000100000000)
  region size 1024K, 23 young (23552K), 0 survivors (0K)
 Metaspace       used 5877K, committed 6016K, reserved 1114112K
  class space    used 681K, committed 768K, reserved 1048576K
}
Event: 0.990 GC heap after
{Heap after GC invocations=1 (full 0):
 garbage-first heap   total 96256K, used 3967K [0x00000000a2600000, 0x0000000100000000)
  region size 1024K, 3 young (3072K), 3 survivors (3072K)
 Metaspace       used 5877K, committed 6016K, reserved 1114112K
  class space    used 681K, committed 768K, reserved 1048576K
}
Event: 1.716 GC heap before
{Heap before GC invocations=1 (full 0):
 garbage-first heap   total 96256K, used 34687K [0x00000000a2600000, 0x0000000100000000)
  region size 1024K, 34 young (34816K), 3 survivors (3072K)
 Metaspace       used 11069K, committed 11264K, reserved 1114112K
  class space    used 1322K, committed 1408K, reserved 1048576K
}
Event: 1.723 GC heap after
{Heap after GC invocations=2 (full 0):
 garbage-first heap   total 96256K, used 6086K [0x00000000a2600000, 0x0000000100000000)
  region size 1024K, 3 young (3072K), 3 survivors (3072K)
 Metaspace       used 11069K, committed 11264K, reserved 1114112K
  class space    used 1322K, committed 1408K, reserved 1048576K
}
Event: 3.084 GC heap before
{Heap before GC invocations=2 (full 0):
 garbage-first heap   total 96256K, used 60358K [0x00000000a2600000, 0x0000000100000000)
  region size 1024K, 56 young (57344K), 3 survivors (3072K)
 Metaspace       used 16124K, committed 16384K, reserved 1114112K
  class space    used 1883K, committed 1984K, reserved 1048576K
}
Event: 3.111 GC heap after
{Heap after GC invocations=3 (full 0):
 garbage-first heap   total 96256K, used 13115K [0x00000000a2600000, 0x0000000100000000)
  region size 1024K, 7 young (7168K), 7 survivors (7168K)
 Metaspace       used 16124K, committed 16384K, reserved 1114112K
  class space    used 1883K, committed 1984K, reserved 1048576K
}

